<?xml version="1.0" encoding="UTF-8"?>
<!-- Generated by org.testng.reporters.JUnitReportReporter -->
<testsuite skipped="0" hostname="DESKTOP-79QFOE9" name="TestCases.CreateVendorTest" tests="1" failures="0" timestamp="07 Feb 2021 09:33:06 GMT" time="157.738" errors="0">
  <testcase name="createVendor" time="157.738" classname="TestCases.CreateVendorTest"/>
</testsuite> <!-- TestCases.CreateVendorTest -->
