<?xml version="1.0" encoding="UTF-8"?>
<!-- Generated by org.testng.reporters.JUnitReportReporter -->
<testsuite skipped="0" hostname="DESKTOP-79QFOE9" name="TestCases.EditPlanTest" tests="1" failures="0" timestamp="02 Feb 2021 05:02:14 GMT" time="53.462" errors="0">
  <testcase name="editPlan" time="53.462" classname="TestCases.EditPlanTest"/>
</testsuite> <!-- TestCases.EditPlanTest -->
