<?xml version="1.0" encoding="UTF-8"?>
<!-- Generated by org.testng.reporters.JUnitReportReporter -->
<testsuite skipped="0" hostname="DESKTOP-79QFOE9" name="TestCases.LoginTest" tests="1" failures="0" timestamp="13 Jan 2021 09:34:01 GMT" time="83.864" errors="0">
  <testcase name="loginPageTest" time="83.864" classname="TestCases.LoginTest"/>
</testsuite> <!-- TestCases.LoginTest -->
