<?xml version="1.0" encoding="UTF-8"?>
<!-- Generated by org.testng.reporters.JUnitReportReporter -->
<testsuite skipped="0" hostname="DESKTOP-79QFOE9" name="TestCases.CreateVendorTest" tests="1" failures="0" timestamp="03 Feb 2021 05:32:55 GMT" time="136.130" errors="0">
  <testcase name="createVendor" time="136.130" classname="TestCases.CreateVendorTest"/>
</testsuite> <!-- TestCases.CreateVendorTest -->
