<?xml version="1.0" encoding="UTF-8"?>
<!-- Generated by org.testng.reporters.JUnitReportReporter -->
<testsuite skipped="0" hostname="DESKTOP-79QFOE9" name="TestCases.Testii" tests="1" failures="0" timestamp="13 Jan 2021 06:13:58 GMT" time="0.016" errors="0">
  <testcase name="testt" time="0.016" classname="TestCases.Testii"/>
</testsuite> <!-- TestCases.Testii -->
