<?xml version="1.0" encoding="UTF-8"?>
<!-- Generated by org.testng.reporters.JUnitReportReporter -->
<testsuite skipped="0" hostname="DESKTOP-79QFOE9" name="TestCases.ADDfcmTest" tests="1" failures="0" timestamp="03 Feb 2021 06:50:54 GMT" time="52.013" errors="0">
  <testcase name="addFCMCredentials" time="52.013" classname="TestCases.ADDfcmTest"/>
</testsuite> <!-- TestCases.ADDfcmTest -->
