<?xml version="1.0" encoding="UTF-8"?>
<!-- Generated by org.testng.reporters.JUnitReportReporter -->
<testsuite skipped="0" hostname="DESKTOP-79QFOE9" name="TestCases.Jeethu" tests="1" failures="0" timestamp="31 Jan 2021 11:20:49 GMT" time="0.018" errors="0">
  <testcase name="testing" time="0.018" classname="TestCases.Jeethu"/>
</testsuite> <!-- TestCases.Jeethu -->
