<?xml version="1.0" encoding="UTF-8"?>
<!-- Generated by org.testng.reporters.JUnitReportReporter -->
<testsuite skipped="0" hostname="DESKTOP-79QFOE9" name="TestCases.CreateVendorTest" tests="1" failures="0" timestamp="25 Jan 2021 06:15:36 GMT" time="34.102" errors="0">
  <testcase name="createVendor" time="34.102" classname="TestCases.CreateVendorTest"/>
</testsuite> <!-- TestCases.CreateVendorTest -->
