<?xml version="1.0" encoding="UTF-8"?>
<!-- Generated by org.testng.reporters.JUnitReportReporter -->
<testsuite skipped="0" hostname="DESKTOP-79QFOE9" name="TestCases.CreatePlanTest" tests="1" failures="0" timestamp="03 Feb 2021 05:37:39 GMT" time="38.884" errors="0">
  <testcase name="createPlan" time="38.884" classname="TestCases.CreatePlanTest"/>
</testsuite> <!-- TestCases.CreatePlanTest -->
