<?xml version="1.0" encoding="UTF-8"?>
<!-- Generated by org.testng.reporters.JUnitReportReporter -->
<testsuite skipped="0" hostname="DESKTOP-79QFOE9" name="TestCases.CreateVendorTest" tests="1" failures="0" timestamp="14 Jan 2021 05:30:31 GMT" time="94.489" errors="0">
  <testcase name="createVendor" time="94.489" classname="TestCases.CreateVendorTest"/>
</testsuite> <!-- TestCases.CreateVendorTest -->
